C:\Users\Lenka\Desktop\pb173_ateam\Debug\cl.command.1.tlog
C:\Users\Lenka\Desktop\pb173_ateam\Debug\CL.read.1.tlog
C:\Users\Lenka\Desktop\pb173_ateam\Debug\CL.write.1.tlog
C:\USERS\LENKA\DESKTOP\PB173_ATEAM\DEBUG\CLIENT.OBJ
C:\Users\Lenka\Desktop\pb173_ateam\Debug\link.command.1.tlog
C:\Users\Lenka\Desktop\pb173_ateam\Debug\link.read.1.tlog
C:\Users\Lenka\Desktop\pb173_ateam\Debug\link.write.1.tlog
C:\USERS\LENKA\DESKTOP\PB173_ATEAM\DEBUG\MAIN.OBJ
C:\Users\Lenka\Desktop\pb173_ateam\Debug\mt.command.1.tlog
C:\Users\Lenka\Desktop\pb173_ateam\Debug\mt.read.1.tlog
C:\Users\Lenka\Desktop\pb173_ateam\Debug\mt.write.1.tlog
C:\USERS\LENKA\DESKTOP\PB173_ATEAM\DEBUG\PB173_ATEAM.EXE
C:\USERS\LENKA\DESKTOP\PB173_ATEAM\DEBUG\PB173_ATEAM.EXE.INTERMEDIATE.MANIFEST
C:\USERS\LENKA\DESKTOP\PB173_ATEAM\DEBUG\PB173_ATEAM.ILK
C:\USERS\LENKA\DESKTOP\PB173_ATEAM\DEBUG\PB173_ATEAM.PDB
C:\Users\Lenka\Desktop\pb173_ateam\Debug\pb173_ateam.write.1.tlog
C:\USERS\LENKA\DESKTOP\PB173_ATEAM\DEBUG\SERVER.OBJ
C:\USERS\LENKA\DESKTOP\PB173_ATEAM\DEBUG\SOCKET.OBJ
C:\USERS\LENKA\DESKTOP\PB173_ATEAM\DEBUG\STRUCT.OBJ
C:\Users\Lenka\Desktop\pb173_ateam\Debug\vc100.idb
C:\USERS\LENKA\DESKTOP\PB173_ATEAM\DEBUG\VC100.PDB
