Build started 30. 9. 2013 19:41:51.
     1>Project "C:\Users\Lubo\Documents\Visual Studio 2010\Projects\polarssl-1.2.8\visualc\VS2010\md5sum.vcxproj" on node 4 (build target(s)).
     1>InitializeBuildStatus:
         Creating "Release\md5sum.unsuccessfulbuild" because "AlwaysCreate" was specified.
       ClCompile:
         D:\Program Files (x86)\Microsoft Visual Studio 10.0\VC\bin\CL.exe /c /I../../include /Zi /nologo /W3 /WX- /O2 /Oi /Oy- /GL /D WIN32 /D NDEBUG /D _CONSOLE /D _UNICODE /D UNICODE /Gm- /EHsc /MD /GS /Gy /fp:precise /Zc:wchar_t /Zc:forScope /Fo"Release\\" /Fd"Release\vc100.pdb" /Gd /TC /analyze- /errorReport:prompt ..\..\programs\hash\md5sum.c
         md5sum.c
       Link:
         D:\Program Files (x86)\Microsoft Visual Studio 10.0\VC\bin\link.exe /ERRORREPORT:PROMPT /OUT:"C:\Users\Lubo\Documents\Visual Studio 2010\Projects\polarssl-1.2.8\visualc\VS2010\Release\md5sum.exe" /INCREMENTAL:NO /NOLOGO /LIBPATH:Release kernel32.lib user32.lib gdi32.lib winspool.lib comdlg32.lib advapi32.lib shell32.lib ole32.lib oleaut32.lib uuid.lib odbc32.lib odbccp32.lib kernel32.lib user32.lib gdi32.lib winspool.lib comdlg32.lib advapi32.lib shell32.lib ole32.lib oleaut32.lib uuid.lib odbc32.lib odbccp32.lib PolarSSL.lib /MANIFEST /ManifestFile:"Release\md5sum.exe.intermediate.manifest" /MANIFESTUAC:"level='asInvoker' uiAccess='false'" /DEBUG /PDB:"C:\Users\Lubo\Documents\Visual Studio 2010\Projects\polarssl-1.2.8\visualc\VS2010\Release\md5sum.pdb" /SUBSYSTEM:CONSOLE /OPT:REF /OPT:ICF /LTCG /TLBID:1 /DYNAMICBASE /NXCOMPAT /IMPLIB:"C:\Users\Lubo\Documents\Visual Studio 2010\Projects\polarssl-1.2.8\visualc\VS2010\Release\md5sum.lib" /MACHINE:X86 Release\md5sum.obj
         "C:\Users\Lubo\Documents\Visual Studio 2010\Projects\polarssl-1.2.8\visualc\VS2010\Release\PolarSSL.lib"
         Generating code
         Finished generating code
         md5sum.vcxproj -> C:\Users\Lubo\Documents\Visual Studio 2010\Projects\polarssl-1.2.8\visualc\VS2010\Release\md5sum.exe
       Manifest:
         C:\Program Files (x86)\Microsoft SDKs\Windows\v7.0A\bin\mt.exe /nologo /verbose /outputresource:"C:\Users\Lubo\Documents\Visual Studio 2010\Projects\polarssl-1.2.8\visualc\VS2010\Release\md5sum.exe;#1" /manifest Release\md5sum.exe.intermediate.manifest
       FinalizeBuildStatus:
         Deleting file "Release\md5sum.unsuccessfulbuild".
         Touching "Release\md5sum.lastbuildstate".
     1>Done Building Project "C:\Users\Lubo\Documents\Visual Studio 2010\Projects\polarssl-1.2.8\visualc\VS2010\md5sum.vcxproj" (build target(s)).

Build succeeded.

Time Elapsed 00:00:04.12
