Build started 30. 9. 2013 19:41:48.
     1>Project "C:\Users\Lubo\Documents\Visual Studio 2010\Projects\polarssl-1.2.8\visualc\VS2010\rsa_verify.vcxproj" on node 3 (build target(s)).
     1>InitializeBuildStatus:
         Creating "Release\rsa_verify.unsuccessfulbuild" because "AlwaysCreate" was specified.
       ClCompile:
         D:\Program Files (x86)\Microsoft Visual Studio 10.0\VC\bin\CL.exe /c /I../../include /Zi /nologo /W3 /WX- /O2 /Oi /Oy- /GL /D WIN32 /D NDEBUG /D _CONSOLE /D _UNICODE /D UNICODE /Gm- /EHsc /MD /GS /Gy /fp:precise /Zc:wchar_t /Zc:forScope /Fo"Release\\" /Fd"Release\vc100.pdb" /Gd /TC /analyze- /errorReport:prompt ..\..\programs\pkey\rsa_verify.c
         rsa_verify.c
       Link:
         D:\Program Files (x86)\Microsoft Visual Studio 10.0\VC\bin\link.exe /ERRORREPORT:PROMPT /OUT:"C:\Users\Lubo\Documents\Visual Studio 2010\Projects\polarssl-1.2.8\visualc\VS2010\Release\rsa_verify.exe" /INCREMENTAL:NO /NOLOGO /LIBPATH:Release kernel32.lib user32.lib gdi32.lib winspool.lib comdlg32.lib advapi32.lib shell32.lib ole32.lib oleaut32.lib uuid.lib odbc32.lib odbccp32.lib kernel32.lib user32.lib gdi32.lib winspool.lib comdlg32.lib advapi32.lib shell32.lib ole32.lib oleaut32.lib uuid.lib odbc32.lib odbccp32.lib PolarSSL.lib /MANIFEST /ManifestFile:"Release\rsa_verify.exe.intermediate.manifest" /MANIFESTUAC:"level='asInvoker' uiAccess='false'" /DEBUG /PDB:"C:\Users\Lubo\Documents\Visual Studio 2010\Projects\polarssl-1.2.8\visualc\VS2010\Release\rsa_verify.pdb" /SUBSYSTEM:CONSOLE /OPT:REF /OPT:ICF /LTCG /TLBID:1 /DYNAMICBASE /NXCOMPAT /IMPLIB:"C:\Users\Lubo\Documents\Visual Studio 2010\Projects\polarssl-1.2.8\visualc\VS2010\Release\rsa_verify.lib" /MACHINE:X86 Release\rsa_verify.obj
         "C:\Users\Lubo\Documents\Visual Studio 2010\Projects\polarssl-1.2.8\visualc\VS2010\Release\PolarSSL.lib"
         Generating code
         Finished generating code
     1>rsa_verify.obj : warning LNK4099: PDB 'vc100.pdb' was not found with 'rsa_verify.obj' or at 'C:\Users\Lubo\Documents\Visual Studio 2010\Projects\polarssl-1.2.8\visualc\VS2010\Release\vc100.pdb'; linking object as if no debug info
     1>PolarSSL.lib(bignum.obj) : warning LNK4099: PDB 'vc100.pdb' was not found with 'PolarSSL.lib(bignum.obj)' or at 'C:\Users\Lubo\Documents\Visual Studio 2010\Projects\polarssl-1.2.8\visualc\VS2010\Release\vc100.pdb'; linking object as if no debug info
     1>PolarSSL.lib(rsa.obj) : warning LNK4099: PDB 'vc100.pdb' was not found with 'PolarSSL.lib(rsa.obj)' or at 'C:\Users\Lubo\Documents\Visual Studio 2010\Projects\polarssl-1.2.8\visualc\VS2010\Release\vc100.pdb'; linking object as if no debug info
     1>PolarSSL.lib(sha1.obj) : warning LNK4099: PDB 'vc100.pdb' was not found with 'PolarSSL.lib(sha1.obj)' or at 'C:\Users\Lubo\Documents\Visual Studio 2010\Projects\polarssl-1.2.8\visualc\VS2010\Release\vc100.pdb'; linking object as if no debug info
     1>PolarSSL.lib(md.obj) : warning LNK4099: PDB 'vc100.pdb' was not found with 'PolarSSL.lib(md.obj)' or at 'C:\Users\Lubo\Documents\Visual Studio 2010\Projects\polarssl-1.2.8\visualc\VS2010\Release\vc100.pdb'; linking object as if no debug info
     1>PolarSSL.lib(md_wrap.obj) : warning LNK4099: PDB 'vc100.pdb' was not found with 'PolarSSL.lib(md_wrap.obj)' or at 'C:\Users\Lubo\Documents\Visual Studio 2010\Projects\polarssl-1.2.8\visualc\VS2010\Release\vc100.pdb'; linking object as if no debug info
     1>PolarSSL.lib(md5.obj) : warning LNK4099: PDB 'vc100.pdb' was not found with 'PolarSSL.lib(md5.obj)' or at 'C:\Users\Lubo\Documents\Visual Studio 2010\Projects\polarssl-1.2.8\visualc\VS2010\Release\vc100.pdb'; linking object as if no debug info
     1>PolarSSL.lib(sha2.obj) : warning LNK4099: PDB 'vc100.pdb' was not found with 'PolarSSL.lib(sha2.obj)' or at 'C:\Users\Lubo\Documents\Visual Studio 2010\Projects\polarssl-1.2.8\visualc\VS2010\Release\vc100.pdb'; linking object as if no debug info
     1>PolarSSL.lib(sha4.obj) : warning LNK4099: PDB 'vc100.pdb' was not found with 'PolarSSL.lib(sha4.obj)' or at 'C:\Users\Lubo\Documents\Visual Studio 2010\Projects\polarssl-1.2.8\visualc\VS2010\Release\vc100.pdb'; linking object as if no debug info
         rsa_verify.vcxproj -> C:\Users\Lubo\Documents\Visual Studio 2010\Projects\polarssl-1.2.8\visualc\VS2010\Release\rsa_verify.exe
       Manifest:
         C:\Program Files (x86)\Microsoft SDKs\Windows\v7.0A\bin\mt.exe /nologo /verbose /outputresource:"C:\Users\Lubo\Documents\Visual Studio 2010\Projects\polarssl-1.2.8\visualc\VS2010\Release\rsa_verify.exe;#1" /manifest Release\rsa_verify.exe.intermediate.manifest
       FinalizeBuildStatus:
         Deleting file "Release\rsa_verify.unsuccessfulbuild".
         Touching "Release\rsa_verify.lastbuildstate".
     1>Done Building Project "C:\Users\Lubo\Documents\Visual Studio 2010\Projects\polarssl-1.2.8\visualc\VS2010\rsa_verify.vcxproj" (build target(s)).

Build succeeded.

Time Elapsed 00:00:03.82
